# JRE version: OpenJDK Runtime Environment (8.0_91-b14) (build 1.8.0_91-8u91-b14-3ubuntu1~16.04.1-b14)
# Java VM: OpenJDK 64-Bit Server VM (25.91-b14 mixed mode linux-amd64 compressed oops)
Heap:
 def new generation   total 19008K, used 14042K [0x00000000c2400000, 0x00000000c38a0000, 0x00000000d6d50000)
  eden space 16896K,  81% used [0x00000000c2400000, 0x00000000c3165b20, 0x00000000c3480000)
  from space 2112K,  15% used [0x00000000c3690000, 0x00000000c36e0fe8, 0x00000000c38a0000)
  to   space 2112K,   0% used [0x00000000c3480000, 0x00000000c3480000, 0x00000000c3690000)
 tenured generation   total 42368K, used 3030K [0x00000000d6d50000, 0x00000000d96b0000, 0x0000000100000000)
   the space 42368K,   7% used [0x00000000d6d50000, 0x00000000d7045930, 0x00000000d7045a00, 0x00000000d96b0000)
 Metaspace       used 16735K, capacity 17000K, committed 17280K, reserved 1064960K
  class space    used 1958K, capacity 2069K, committed 2176K, reserved 1048576K
GC Heap History (6 events):
Event: 38.959 GC heap before
{Heap before GC invocations=0 (full 0):
 def new generation   total 19008K, used 16896K [0x00000000c2400000, 0x00000000c38a0000, 0x00000000d6d50000)
  eden space 16896K, 100% used [0x00000000c2400000, 0x00000000c3480000, 0x00000000c3480000)
  from space 2112K,   0% used [0x00000000c3480000, 0x00000000c3480000, 0x00000000c3690000)
  to   space 2112K,   0% used [0x00000000c3690000, 0x00000000c3690000, 0x00000000c38a0000)
 tenured generation   total 42368K, used 0K [0x00000000d6d50000, 0x00000000d96b0000, 0x0000000100000000)
   the space 42368K,   0% used [0x00000000d6d50000, 0x00000000d6d50000, 0x00000000d6d50200, 0x00000000d96b0000)
 Metaspace       used 14122K, capacity 14344K, committed 14592K, reserved 1062912K
  class space    used 1652K, capacity 1749K, committed 1792K, reserved 1048576K
Event: 38.970 GC heap after
Heap after GC invocations=1 (full 0):
 def new generation   total 19008K, used 2112K [0x00000000c2400000, 0x00000000c38a0000, 0x00000000d6d50000)
  eden space 16896K,   0% used [0x00000000c2400000, 0x00000000c2400000, 0x00000000c3480000)
  from space 2112K, 100% used [0x00000000c3690000, 0x00000000c38a0000, 0x00000000c38a0000)
  to   space 2112K,   0% used [0x00000000c3480000, 0x00000000c3480000, 0x00000000c3690000)
 tenured generation   total 42368K, used 358K [0x00000000d6d50000, 0x00000000d96b0000, 0x0000000100000000)
   the space 42368K,   0% used [0x00000000d6d50000, 0x00000000d6da9a48, 0x00000000d6da9c00, 0x00000000d96b0000)
 Metaspace       used 14122K, capacity 14344K, committed 14592K, reserved 1062912K
  class space    used 1652K, capacity 1749K, committed 1792K, reserved 1048576K
}
Event: 53.053 GC heap before
{Heap before GC invocations=1 (full 0):
 def new generation   total 19008K, used 19008K [0x00000000c2400000, 0x00000000c38a0000, 0x00000000d6d50000)
  eden space 16896K, 100% used [0x00000000c2400000, 0x00000000c3480000, 0x00000000c3480000)
  from space 2112K, 100% used [0x00000000c3690000, 0x00000000c38a0000, 0x00000000c38a0000)
  to   space 2112K,   0% used [0x00000000c3480000, 0x00000000c3480000, 0x00000000c3690000)
 tenured generation   total 42368K, used 358K [0x00000000d6d50000, 0x00000000d96b0000, 0x0000000100000000)
   the space 42368K,   0% used [0x00000000d6d50000, 0x00000000d6da9a48, 0x00000000d6da9c00, 0x00000000d96b0000)
 Metaspace       used 16565K, capacity 16872K, committed 17024K, reserved 1064960K
  class space    used 1955K, capacity 2069K, committed 2176K, reserved 1048576K
Event: 53.104 GC heap after
Heap after GC invocations=2 (full 0):
 def new generation   total 19008K, used 1377K [0x00000000c2400000, 0x00000000c38a0000, 0x00000000d6d50000)
  eden space 16896K,   0% used [0x00000000c2400000, 0x00000000c2400000, 0x00000000c3480000)
  from space 2112K,  65% used [0x00000000c3480000, 0x00000000c35d8730, 0x00000000c3690000)
  to   space 2112K,   0% used [0x00000000c3690000, 0x00000000c3690000, 0x00000000c38a0000)
 tenured generation   total 42368K, used 2435K [0x00000000d6d50000, 0x00000000d96b0000, 0x0000000100000000)
   the space 42368K,   5% used [0x00000000d6d50000, 0x00000000d6fb0de0, 0x00000000d6fb0e00, 0x00000000d96b0000)
 Metaspace       used 16565K, capacity 16872K, committed 17024K, reserved 1064960K
  class space    used 1955K, capacity 2069K, committed 2176K, reserved 1048576K
}
Event: 67.627 GC heap before
{Heap before GC invocations=2 (full 0):
 def new generation   total 19008K, used 18273K [0x00000000c2400000, 0x00000000c38a0000, 0x00000000d6d50000)
  eden space 16896K, 100% used [0x00000000c2400000, 0x00000000c3480000, 0x00000000c3480000)
  from space 2112K,  65% used [0x00000000c3480000, 0x00000000c35d8730, 0x00000000c3690000)
  to   space 2112K,   0% used [0x00000000c3690000, 0x00000000c3690000, 0x00000000c38a0000)
 tenured generation   total 42368K, used 2435K [0x00000000d6d50000, 0x00000000d96b0000, 0x0000000100000000)
   the space 42368K,   5% used [0x00000000d6d50000, 0x00000000d6fb0de0, 0x00000000d6fb0e00, 0x00000000d96b0000)
 Metaspace       used 16683K, capacity 17000K, committed 17280K, reserved 1064960K
  class space    used 1957K, capacity 2069K, committed 2176K, reserved 1048576K
Event: 67.639 GC heap after
Heap after GC invocations=3 (full 0):
 def new generation   total 19008K, used 323K [0x00000000c2400000, 0x00000000c38a0000, 0x00000000d6d50000)
  eden space 16896K,   0% used [0x00000000c2400000, 0x00000000c2400000, 0x00000000c3480000)
  from space 2112K,  15% used [0x00000000c3690000, 0x00000000c36e0fe8, 0x00000000c38a0000)
  to   space 2112K,   0% used [0x00000000c3480000, 0x00000000c3480000, 0x00000000c3690000)
 tenured generation   total 42368K, used 3030K [0x00000000d6d50000, 0x00000000d96b0000, 0x0000000100000000)
   the space 42368K,   7% used [0x00000000d6d50000, 0x00000000d7045930, 0x00000000d7045a00, 0x00000000d96b0000)
 Metaspace       used 16683K, capacity 17000K, committed 17280K, reserved 1064960K
  class space    used 1957K, capacity 2069K, committed 2176K, reserved 1048576K
}

