# JRE version: OpenJDK Runtime Environment (8.0_91-b14) (build 1.8.0_91-8u91-b14-3ubuntu1~16.04.1-b14)
# Java VM: OpenJDK 64-Bit Server VM (25.91-b14 mixed mode linux-amd64 compressed oops)
Heap:
 def new generation   total 19008K, used 5883K [0x00000000c2400000, 0x00000000c38a0000, 0x00000000d6d50000)
  eden space 16896K,  26% used [0x00000000c2400000, 0x00000000c286c848, 0x00000000c3480000)
  from space 2112K,  64% used [0x00000000c3480000, 0x00000000c35d2450, 0x00000000c3690000)
  to   space 2112K,   0% used [0x00000000c3690000, 0x00000000c3690000, 0x00000000c38a0000)
 tenured generation   total 42368K, used 2479K [0x00000000d6d50000, 0x00000000d96b0000, 0x0000000100000000)
   the space 42368K,   5% used [0x00000000d6d50000, 0x00000000d6fbbdc0, 0x00000000d6fbbe00, 0x00000000d96b0000)
 Metaspace       used 16763K, capacity 17076K, committed 17280K, reserved 1064960K
  class space    used 1958K, capacity 2071K, committed 2176K, reserved 1048576K
GC Heap History (4 events):
Event: 47.614 GC heap before
{Heap before GC invocations=0 (full 0):
 def new generation   total 19008K, used 16896K [0x00000000c2400000, 0x00000000c38a0000, 0x00000000d6d50000)
  eden space 16896K, 100% used [0x00000000c2400000, 0x00000000c3480000, 0x00000000c3480000)
  from space 2112K,   0% used [0x00000000c3480000, 0x00000000c3480000, 0x00000000c3690000)
  to   space 2112K,   0% used [0x00000000c3690000, 0x00000000c3690000, 0x00000000c38a0000)
 tenured generation   total 42368K, used 0K [0x00000000d6d50000, 0x00000000d96b0000, 0x0000000100000000)
   the space 42368K,   0% used [0x00000000d6d50000, 0x00000000d6d50000, 0x00000000d6d50200, 0x00000000d96b0000)
 Metaspace       used 14160K, capacity 14350K, committed 14592K, reserved 1062912K
  class space    used 1656K, capacity 1750K, committed 1792K, reserved 1048576K
Event: 47.624 GC heap after
Heap after GC invocations=1 (full 0):
 def new generation   total 19008K, used 2112K [0x00000000c2400000, 0x00000000c38a0000, 0x00000000d6d50000)
  eden space 16896K,   0% used [0x00000000c2400000, 0x00000000c2400000, 0x00000000c3480000)
  from space 2112K, 100% used [0x00000000c3690000, 0x00000000c38a0000, 0x00000000c38a0000)
  to   space 2112K,   0% used [0x00000000c3480000, 0x00000000c3480000, 0x00000000c3690000)
 tenured generation   total 42368K, used 652K [0x00000000d6d50000, 0x00000000d96b0000, 0x0000000100000000)
   the space 42368K,   1% used [0x00000000d6d50000, 0x00000000d6df3170, 0x00000000d6df3200, 0x00000000d96b0000)
 Metaspace       used 14160K, capacity 14350K, committed 14592K, reserved 1062912K
  class space    used 1656K, capacity 1750K, committed 1792K, reserved 1048576K
}
Event: 95.222 GC heap before
{Heap before GC invocations=1 (full 0):
 def new generation   total 19008K, used 19008K [0x00000000c2400000, 0x00000000c38a0000, 0x00000000d6d50000)
  eden space 16896K, 100% used [0x00000000c2400000, 0x00000000c3480000, 0x00000000c3480000)
  from space 2112K, 100% used [0x00000000c3690000, 0x00000000c38a0000, 0x00000000c38a0000)
  to   space 2112K,   0% used [0x00000000c3480000, 0x00000000c3480000, 0x00000000c3690000)
 tenured generation   total 42368K, used 652K [0x00000000d6d50000, 0x00000000d96b0000, 0x0000000100000000)
   the space 42368K,   1% used [0x00000000d6d50000, 0x00000000d6df3170, 0x00000000d6df3200, 0x00000000d96b0000)
 Metaspace       used 16602K, capacity 16850K, committed 17152K, reserved 1064960K
  class space    used 1940K, capacity 2044K, committed 2048K, reserved 1048576K
Event: 95.231 GC heap after
Heap after GC invocations=2 (full 0):
 def new generation   total 19008K, used 1353K [0x00000000c2400000, 0x00000000c38a0000, 0x00000000d6d50000)
  eden space 16896K,   0% used [0x00000000c2400000, 0x00000000c2400000, 0x00000000c3480000)
  from space 2112K,  64% used [0x00000000c3480000, 0x00000000c35d2450, 0x00000000c3690000)
  to   space 2112K,   0% used [0x00000000c3690000, 0x00000000c3690000, 0x00000000c38a0000)
 tenured generation   total 42368K, used 2479K [0x00000000d6d50000, 0x00000000d96b0000, 0x0000000100000000)
   the space 42368K,   5% used [0x00000000d6d50000, 0x00000000d6fbbdc0, 0x00000000d6fbbe00, 0x00000000d96b0000)
 Metaspace       used 16602K, capacity 16850K, committed 17152K, reserved 1064960K
  class space    used 1940K, capacity 2044K, committed 2048K, reserved 1048576K
}

