# JRE version: OpenJDK Runtime Environment (8.0_91-b14) (build 1.8.0_91-8u91-b14-3ubuntu1~16.04.1-b14)
# Java VM: OpenJDK 64-Bit Server VM (25.91-b14 mixed mode linux-amd64 compressed oops)
Heap:
 def new generation   total 19008K, used 7584K [0x00000000c2400000, 0x00000000c38a0000, 0x00000000d6d50000)
  eden space 16896K,  42% used [0x00000000c2400000, 0x00000000c2afc940, 0x00000000c3480000)
  from space 2112K,  20% used [0x00000000c3480000, 0x00000000c34eb828, 0x00000000c3690000)
  to   space 2112K,   0% used [0x00000000c3690000, 0x00000000c3690000, 0x00000000c38a0000)
 tenured generation   total 42368K, used 2567K [0x00000000d6d50000, 0x00000000d96b0000, 0x0000000100000000)
   the space 42368K,   6% used [0x00000000d6d50000, 0x00000000d6fd1fe0, 0x00000000d6fd2000, 0x00000000d96b0000)
 Metaspace       used 12717K, capacity 12992K, committed 13056K, reserved 1060864K
  class space    used 1397K, capacity 1508K, committed 1536K, reserved 1048576K
GC Heap History (8 events):
Event: 3.997 GC heap before
{Heap before GC invocations=0 (full 0):
 def new generation   total 19008K, used 16896K [0x00000000c2400000, 0x00000000c38a0000, 0x00000000d6d50000)
  eden space 16896K, 100% used [0x00000000c2400000, 0x00000000c3480000, 0x00000000c3480000)
  from space 2112K,   0% used [0x00000000c3480000, 0x00000000c3480000, 0x00000000c3690000)
  to   space 2112K,   0% used [0x00000000c3690000, 0x00000000c3690000, 0x00000000c38a0000)
 tenured generation   total 42368K, used 0K [0x00000000d6d50000, 0x00000000d96b0000, 0x0000000100000000)
   the space 42368K,   0% used [0x00000000d6d50000, 0x00000000d6d50000, 0x00000000d6d50200, 0x00000000d96b0000)
 Metaspace       used 11802K, capacity 11988K, committed 12288K, reserved 1060864K
  class space    used 1355K, capacity 1416K, committed 1536K, reserved 1048576K
Event: 4.006 GC heap after
Heap after GC invocations=1 (full 0):
 def new generation   total 19008K, used 2112K [0x00000000c2400000, 0x00000000c38a0000, 0x00000000d6d50000)
  eden space 16896K,   0% used [0x00000000c2400000, 0x00000000c2400000, 0x00000000c3480000)
  from space 2112K, 100% used [0x00000000c3690000, 0x00000000c38a0000, 0x00000000c38a0000)
  to   space 2112K,   0% used [0x00000000c3480000, 0x00000000c3480000, 0x00000000c3690000)
 tenured generation   total 42368K, used 582K [0x00000000d6d50000, 0x00000000d96b0000, 0x0000000100000000)
   the space 42368K,   1% used [0x00000000d6d50000, 0x00000000d6de19f8, 0x00000000d6de1a00, 0x00000000d96b0000)
 Metaspace       used 11802K, capacity 11988K, committed 12288K, reserved 1060864K
  class space    used 1355K, capacity 1416K, committed 1536K, reserved 1048576K
}
Event: 16.205 GC heap before
{Heap before GC invocations=1 (full 0):
 def new generation   total 19008K, used 19008K [0x00000000c2400000, 0x00000000c38a0000, 0x00000000d6d50000)
  eden space 16896K, 100% used [0x00000000c2400000, 0x00000000c3480000, 0x00000000c3480000)
  from space 2112K, 100% used [0x00000000c3690000, 0x00000000c38a0000, 0x00000000c38a0000)
  to   space 2112K,   0% used [0x00000000c3480000, 0x00000000c3480000, 0x00000000c3690000)
 tenured generation   total 42368K, used 582K [0x00000000d6d50000, 0x00000000d96b0000, 0x0000000100000000)
   the space 42368K,   1% used [0x00000000d6d50000, 0x00000000d6de19f8, 0x00000000d6de1a00, 0x00000000d96b0000)
 Metaspace       used 12162K, capacity 12384K, committed 12544K, reserved 1060864K
  class space    used 1385K, capacity 1476K, committed 1536K, reserved 1048576K
Event: 16.227 GC heap after
Heap after GC invocations=2 (full 0):
 def new generation   total 19008K, used 315K [0x00000000c2400000, 0x00000000c38a0000, 0x00000000d6d50000)
  eden space 16896K,   0% used [0x00000000c2400000, 0x00000000c2400000, 0x00000000c3480000)
  from space 2112K,  14% used [0x00000000c3480000, 0x00000000c34cec30, 0x00000000c3690000)
  to   space 2112K,   0% used [0x00000000c3690000, 0x00000000c3690000, 0x00000000c38a0000)
 tenured generation   total 42368K, used 2567K [0x00000000d6d50000, 0x00000000d96b0000, 0x0000000100000000)
   the space 42368K,   6% used [0x00000000d6d50000, 0x00000000d6fd1fe0, 0x00000000d6fd2000, 0x00000000d96b0000)
 Metaspace       used 12162K, capacity 12384K, committed 12544K, reserved 1060864K
  class space    used 1385K, capacity 1476K, committed 1536K, reserved 1048576K
}
Event: 32.592 GC heap before
{Heap before GC invocations=2 (full 0):
 def new generation   total 19008K, used 17211K [0x00000000c2400000, 0x00000000c38a0000, 0x00000000d6d50000)
  eden space 16896K, 100% used [0x00000000c2400000, 0x00000000c3480000, 0x00000000c3480000)
  from space 2112K,  14% used [0x00000000c3480000, 0x00000000c34cec30, 0x00000000c3690000)
  to   space 2112K,   0% used [0x00000000c3690000, 0x00000000c3690000, 0x00000000c38a0000)
 tenured generation   total 42368K, used 2567K [0x00000000d6d50000, 0x00000000d96b0000, 0x0000000100000000)
   the space 42368K,   6% used [0x00000000d6d50000, 0x00000000d6fd1fe0, 0x00000000d6fd2000, 0x00000000d96b0000)
 Metaspace       used 12514K, capacity 12800K, committed 13056K, reserved 1060864K
  class space    used 1394K, capacity 1508K, committed 1536K, reserved 1048576K
Event: 32.599 GC heap after
Heap after GC invocations=3 (full 0):
 def new generation   total 19008K, used 423K [0x00000000c2400000, 0x00000000c38a0000, 0x00000000d6d50000)
  eden space 16896K,   0% used [0x00000000c2400000, 0x00000000c2400000, 0x00000000c3480000)
  from space 2112K,  20% used [0x00000000c3690000, 0x00000000c36f9d28, 0x00000000c38a0000)
  to   space 2112K,   0% used [0x00000000c3480000, 0x00000000c3480000, 0x00000000c3690000)
 tenured generation   total 42368K, used 2567K [0x00000000d6d50000, 0x00000000d96b0000, 0x0000000100000000)
   the space 42368K,   6% used [0x00000000d6d50000, 0x00000000d6fd1fe0, 0x00000000d6fd2000, 0x00000000d96b0000)
 Metaspace       used 12514K, capacity 12800K, committed 13056K, reserved 1060864K
  class space    used 1394K, capacity 1508K, committed 1536K, reserved 1048576K
}
Event: 45.843 GC heap before
{Heap before GC invocations=3 (full 0):
 def new generation   total 19008K, used 17319K [0x00000000c2400000, 0x00000000c38a0000, 0x00000000d6d50000)
  eden space 16896K, 100% used [0x00000000c2400000, 0x00000000c3480000, 0x00000000c3480000)
  from space 2112K,  20% used [0x00000000c3690000, 0x00000000c36f9d28, 0x00000000c38a0000)
  to   space 2112K,   0% used [0x00000000c3480000, 0x00000000c3480000, 0x00000000c3690000)
 tenured generation   total 42368K, used 2567K [0x00000000d6d50000, 0x00000000d96b0000, 0x0000000100000000)
   the space 42368K,   6% used [0x00000000d6d50000, 0x00000000d6fd1fe0, 0x00000000d6fd2000, 0x00000000d96b0000)
 Metaspace       used 12667K, capacity 12928K, committed 13056K, reserved 1060864K
  class space    used 1394K, capacity 1508K, committed 1536K, reserved 1048576K
Event: 45.850 GC heap after
Heap after GC invocations=4 (full 0):
 def new generation   total 19008K, used 430K [0x00000000c2400000, 0x00000000c38a0000, 0x00000000d6d50000)
  eden space 16896K,   0% used [0x00000000c2400000, 0x00000000c2400000, 0x00000000c3480000)
  from space 2112K,  20% used [0x00000000c3480000, 0x00000000c34eb828, 0x00000000c3690000)
  to   space 2112K,   0% used [0x00000000c3690000, 0x00000000c3690000, 0x00000000c38a0000)
 tenured generation   total 42368K, used 2567K [0x00000000d6d50000, 0x00000000d96b0000, 0x0000000100000000)
   the space 42368K,   6% used [0x00000000d6d50000, 0x00000000d6fd1fe0, 0x00000000d6fd2000, 0x00000000d96b0000)
 Metaspace       used 12667K, capacity 12928K, committed 13056K, reserved 1060864K
  class space    used 1394K, capacity 1508K, committed 1536K, reserved 1048576K
}

