# JRE version: OpenJDK Runtime Environment (8.0_91-b14) (build 1.8.0_91-8u91-b14-3ubuntu1~16.04.1-b14)
# Java VM: OpenJDK 64-Bit Server VM (25.91-b14 mixed mode linux-amd64 compressed oops)
Heap:
 def new generation   total 19008K, used 16302K [0x00000000c2400000, 0x00000000c38a0000, 0x00000000d6d50000)
  eden space 16896K,  94% used [0x00000000c2400000, 0x00000000c33a2918, 0x00000000c3480000)
  from space 2112K,  13% used [0x00000000c3480000, 0x00000000c34c9190, 0x00000000c3690000)
  to   space 2112K,   0% used [0x00000000c3690000, 0x00000000c3690000, 0x00000000c38a0000)
 tenured generation   total 42368K, used 2567K [0x00000000d6d50000, 0x00000000d96b0000, 0x0000000100000000)
   the space 42368K,   6% used [0x00000000d6d50000, 0x00000000d6fd1e60, 0x00000000d6fd2000, 0x00000000d96b0000)
 Metaspace       used 12457K, capacity 12736K, committed 12800K, reserved 1060864K
  class space    used 1394K, capacity 1508K, committed 1536K, reserved 1048576K
GC Heap History (4 events):
Event: 3.960 GC heap before
{Heap before GC invocations=0 (full 0):
 def new generation   total 19008K, used 16896K [0x00000000c2400000, 0x00000000c38a0000, 0x00000000d6d50000)
  eden space 16896K, 100% used [0x00000000c2400000, 0x00000000c3480000, 0x00000000c3480000)
  from space 2112K,   0% used [0x00000000c3480000, 0x00000000c3480000, 0x00000000c3690000)
  to   space 2112K,   0% used [0x00000000c3690000, 0x00000000c3690000, 0x00000000c38a0000)
 tenured generation   total 42368K, used 0K [0x00000000d6d50000, 0x00000000d96b0000, 0x0000000100000000)
   the space 42368K,   0% used [0x00000000d6d50000, 0x00000000d6d50000, 0x00000000d6d50200, 0x00000000d96b0000)
 Metaspace       used 11789K, capacity 11924K, committed 12288K, reserved 1060864K
  class space    used 1351K, capacity 1416K, committed 1536K, reserved 1048576K
Event: 3.970 GC heap after
Heap after GC invocations=1 (full 0):
 def new generation   total 19008K, used 2112K [0x00000000c2400000, 0x00000000c38a0000, 0x00000000d6d50000)
  eden space 16896K,   0% used [0x00000000c2400000, 0x00000000c2400000, 0x00000000c3480000)
  from space 2112K, 100% used [0x00000000c3690000, 0x00000000c38a0000, 0x00000000c38a0000)
  to   space 2112K,   0% used [0x00000000c3480000, 0x00000000c3480000, 0x00000000c3690000)
 tenured generation   total 42368K, used 582K [0x00000000d6d50000, 0x00000000d96b0000, 0x0000000100000000)
   the space 42368K,   1% used [0x00000000d6d50000, 0x00000000d6de1b78, 0x00000000d6de1c00, 0x00000000d96b0000)
 Metaspace       used 11789K, capacity 11924K, committed 12288K, reserved 1060864K
  class space    used 1351K, capacity 1416K, committed 1536K, reserved 1048576K
}
Event: 18.388 GC heap before
{Heap before GC invocations=1 (full 0):
 def new generation   total 19008K, used 19008K [0x00000000c2400000, 0x00000000c38a0000, 0x00000000d6d50000)
  eden space 16896K, 100% used [0x00000000c2400000, 0x00000000c3480000, 0x00000000c3480000)
  from space 2112K, 100% used [0x00000000c3690000, 0x00000000c38a0000, 0x00000000c38a0000)
  to   space 2112K,   0% used [0x00000000c3480000, 0x00000000c3480000, 0x00000000c3690000)
 tenured generation   total 42368K, used 582K [0x00000000d6d50000, 0x00000000d96b0000, 0x0000000100000000)
   the space 42368K,   1% used [0x00000000d6d50000, 0x00000000d6de1b78, 0x00000000d6de1c00, 0x00000000d96b0000)
 Metaspace       used 12319K, capacity 12576K, committed 12800K, reserved 1060864K
  class space    used 1388K, capacity 1476K, committed 1536K, reserved 1048576K
Event: 18.414 GC heap after
Heap after GC invocations=2 (full 0):
 def new generation   total 19008K, used 292K [0x00000000c2400000, 0x00000000c38a0000, 0x00000000d6d50000)
  eden space 16896K,   0% used [0x00000000c2400000, 0x00000000c2400000, 0x00000000c3480000)
  from space 2112K,  13% used [0x00000000c3480000, 0x00000000c34c9190, 0x00000000c3690000)
  to   space 2112K,   0% used [0x00000000c3690000, 0x00000000c3690000, 0x00000000c38a0000)
 tenured generation   total 42368K, used 2567K [0x00000000d6d50000, 0x00000000d96b0000, 0x0000000100000000)
   the space 42368K,   6% used [0x00000000d6d50000, 0x00000000d6fd1e60, 0x00000000d6fd2000, 0x00000000d96b0000)
 Metaspace       used 12319K, capacity 12576K, committed 12800K, reserved 1060864K
  class space    used 1388K, capacity 1476K, committed 1536K, reserved 1048576K
}

