# JRE version: OpenJDK Runtime Environment (8.0_91-b14) (build 1.8.0_91-8u91-b14-3ubuntu1~16.04.1-b14)
# Java VM: OpenJDK 64-Bit Server VM (25.91-b14 mixed mode linux-amd64 compressed oops)
Heap:
 def new generation   total 19008K, used 3285K [0x00000000c2400000, 0x00000000c38a0000, 0x00000000d6d50000)
  eden space 16896K,  12% used [0x00000000c2400000, 0x00000000c25fea78, 0x00000000c3480000)
  from space 2112K,  58% used [0x00000000c3480000, 0x00000000c35b6c68, 0x00000000c3690000)
  to   space 2112K,   0% used [0x00000000c3690000, 0x00000000c3690000, 0x00000000c38a0000)
 tenured generation   total 42368K, used 2595K [0x00000000d6d50000, 0x00000000d96b0000, 0x0000000100000000)
   the space 42368K,   6% used [0x00000000d6d50000, 0x00000000d6fd8ff8, 0x00000000d6fd9000, 0x00000000d96b0000)
 Metaspace       used 16574K, capacity 16872K, committed 17024K, reserved 1064960K
  class space    used 1957K, capacity 2069K, committed 2176K, reserved 1048576K
GC Heap History (4 events):
Event: 49.610 GC heap before
{Heap before GC invocations=0 (full 0):
 def new generation   total 19008K, used 16896K [0x00000000c2400000, 0x00000000c38a0000, 0x00000000d6d50000)
  eden space 16896K, 100% used [0x00000000c2400000, 0x00000000c3480000, 0x00000000c3480000)
  from space 2112K,   0% used [0x00000000c3480000, 0x00000000c3480000, 0x00000000c3690000)
  to   space 2112K,   0% used [0x00000000c3690000, 0x00000000c3690000, 0x00000000c38a0000)
 tenured generation   total 42368K, used 0K [0x00000000d6d50000, 0x00000000d96b0000, 0x0000000100000000)
   the space 42368K,   0% used [0x00000000d6d50000, 0x00000000d6d50000, 0x00000000d6d50200, 0x00000000d96b0000)
 Metaspace       used 14653K, capacity 14868K, committed 15232K, reserved 1062912K
  class space    used 1723K, capacity 1815K, committed 1920K, reserved 1048576K
Event: 49.635 GC heap after
Heap after GC invocations=1 (full 0):
 def new generation   total 19008K, used 2111K [0x00000000c2400000, 0x00000000c38a0000, 0x00000000d6d50000)
  eden space 16896K,   0% used [0x00000000c2400000, 0x00000000c2400000, 0x00000000c3480000)
  from space 2112K,  99% used [0x00000000c3690000, 0x00000000c389fff8, 0x00000000c38a0000)
  to   space 2112K,   0% used [0x00000000c3480000, 0x00000000c3480000, 0x00000000c3690000)
 tenured generation   total 42368K, used 524K [0x00000000d6d50000, 0x00000000d96b0000, 0x0000000100000000)
   the space 42368K,   1% used [0x00000000d6d50000, 0x00000000d6dd32a0, 0x00000000d6dd3400, 0x00000000d96b0000)
 Metaspace       used 14653K, capacity 14868K, committed 15232K, reserved 1062912K
  class space    used 1723K, capacity 1815K, committed 1920K, reserved 1048576K
}
Event: 53.794 GC heap before
{Heap before GC invocations=1 (full 0):
 def new generation   total 19008K, used 19007K [0x00000000c2400000, 0x00000000c38a0000, 0x00000000d6d50000)
  eden space 16896K, 100% used [0x00000000c2400000, 0x00000000c3480000, 0x00000000c3480000)
  from space 2112K,  99% used [0x00000000c3690000, 0x00000000c389fff8, 0x00000000c38a0000)
  to   space 2112K,   0% used [0x00000000c3480000, 0x00000000c3480000, 0x00000000c3690000)
 tenured generation   total 42368K, used 524K [0x00000000d6d50000, 0x00000000d96b0000, 0x0000000100000000)
   the space 42368K,   1% used [0x00000000d6d50000, 0x00000000d6dd32a0, 0x00000000d6dd3400, 0x00000000d96b0000)
 Metaspace       used 16536K, capacity 16808K, committed 17024K, reserved 1064960K
  class space    used 1957K, capacity 2069K, committed 2176K, reserved 1048576K
Event: 53.850 GC heap after
Heap after GC invocations=2 (full 0):
 def new generation   total 19008K, used 1243K [0x00000000c2400000, 0x00000000c38a0000, 0x00000000d6d50000)
  eden space 16896K,   0% used [0x00000000c2400000, 0x00000000c2400000, 0x00000000c3480000)
  from space 2112K,  58% used [0x00000000c3480000, 0x00000000c35b6c68, 0x00000000c3690000)
  to   space 2112K,   0% used [0x00000000c3690000, 0x00000000c3690000, 0x00000000c38a0000)
 tenured generation   total 42368K, used 2595K [0x00000000d6d50000, 0x00000000d96b0000, 0x0000000100000000)
   the space 42368K,   6% used [0x00000000d6d50000, 0x00000000d6fd8ff8, 0x00000000d6fd9000, 0x00000000d96b0000)
 Metaspace       used 16536K, capacity 16808K, committed 17024K, reserved 1064960K
  class space    used 1957K, capacity 2069K, committed 2176K, reserved 1048576K
}

