# JRE version: OpenJDK Runtime Environment (8.0_91-b14) (build 1.8.0_91-8u91-b14-3ubuntu1~16.04.1-b14)
# Java VM: OpenJDK 64-Bit Server VM (25.91-b14 mixed mode linux-amd64 compressed oops)
Heap:
 def new generation   total 19008K, used 10606K [0x00000000c2400000, 0x00000000c38a0000, 0x00000000d6d50000)
  eden space 16896K,  60% used [0x00000000c2400000, 0x00000000c2e0a460, 0x00000000c3480000)
  from space 2112K,  15% used [0x00000000c3480000, 0x00000000c34d15c8, 0x00000000c3690000)
  to   space 2112K,   0% used [0x00000000c3690000, 0x00000000c3690000, 0x00000000c38a0000)
 tenured generation   total 42368K, used 2553K [0x00000000d6d50000, 0x00000000d96b0000, 0x0000000100000000)
   the space 42368K,   6% used [0x00000000d6d50000, 0x00000000d6fce7e0, 0x00000000d6fce800, 0x00000000d96b0000)
 Metaspace       used 12662K, capacity 12928K, committed 13056K, reserved 1060864K
  class space    used 1398K, capacity 1508K, committed 1536K, reserved 1048576K
GC Heap History (10 events):
Event: 22.090 GC heap before
{Heap before GC invocations=1 (full 0):
 def new generation   total 19008K, used 19008K [0x00000000c2400000, 0x00000000c38a0000, 0x00000000d6d50000)
  eden space 16896K, 100% used [0x00000000c2400000, 0x00000000c3480000, 0x00000000c3480000)
  from space 2112K, 100% used [0x00000000c3690000, 0x00000000c38a0000, 0x00000000c38a0000)
  to   space 2112K,   0% used [0x00000000c3480000, 0x00000000c3480000, 0x00000000c3690000)
 tenured generation   total 42368K, used 579K [0x00000000d6d50000, 0x00000000d96b0000, 0x0000000100000000)
   the space 42368K,   1% used [0x00000000d6d50000, 0x00000000d6de0cb8, 0x00000000d6de0e00, 0x00000000d96b0000)
 Metaspace       used 12244K, capacity 12480K, committed 12544K, reserved 1060864K
  class space    used 1394K, capacity 1508K, committed 1536K, reserved 1048576K
Event: 22.120 GC heap after
Heap after GC invocations=2 (full 0):
 def new generation   total 19008K, used 315K [0x00000000c2400000, 0x00000000c38a0000, 0x00000000d6d50000)
  eden space 16896K,   0% used [0x00000000c2400000, 0x00000000c2400000, 0x00000000c3480000)
  from space 2112K,  14% used [0x00000000c3480000, 0x00000000c34ceff8, 0x00000000c3690000)
  to   space 2112K,   0% used [0x00000000c3690000, 0x00000000c3690000, 0x00000000c38a0000)
 tenured generation   total 42368K, used 2553K [0x00000000d6d50000, 0x00000000d96b0000, 0x0000000100000000)
   the space 42368K,   6% used [0x00000000d6d50000, 0x00000000d6fce7e0, 0x00000000d6fce800, 0x00000000d96b0000)
 Metaspace       used 12244K, capacity 12480K, committed 12544K, reserved 1060864K
  class space    used 1394K, capacity 1508K, committed 1536K, reserved 1048576K
}
Event: 40.687 GC heap before
{Heap before GC invocations=2 (full 0):
 def new generation   total 19008K, used 17211K [0x00000000c2400000, 0x00000000c38a0000, 0x00000000d6d50000)
  eden space 16896K, 100% used [0x00000000c2400000, 0x00000000c3480000, 0x00000000c3480000)
  from space 2112K,  14% used [0x00000000c3480000, 0x00000000c34ceff8, 0x00000000c3690000)
  to   space 2112K,   0% used [0x00000000c3690000, 0x00000000c3690000, 0x00000000c38a0000)
 tenured generation   total 42368K, used 2553K [0x00000000d6d50000, 0x00000000d96b0000, 0x0000000100000000)
   the space 42368K,   6% used [0x00000000d6d50000, 0x00000000d6fce7e0, 0x00000000d6fce800, 0x00000000d96b0000)
 Metaspace       used 12401K, capacity 12672K, committed 12800K, reserved 1060864K
  class space    used 1395K, capacity 1508K, committed 1536K, reserved 1048576K
Event: 40.698 GC heap after
Heap after GC invocations=3 (full 0):
 def new generation   total 19008K, used 437K [0x00000000c2400000, 0x00000000c38a0000, 0x00000000d6d50000)
  eden space 16896K,   0% used [0x00000000c2400000, 0x00000000c2400000, 0x00000000c3480000)
  from space 2112K,  20% used [0x00000000c3690000, 0x00000000c36fd420, 0x00000000c38a0000)
  to   space 2112K,   0% used [0x00000000c3480000, 0x00000000c3480000, 0x00000000c3690000)
 tenured generation   total 42368K, used 2553K [0x00000000d6d50000, 0x00000000d96b0000, 0x0000000100000000)
   the space 42368K,   6% used [0x00000000d6d50000, 0x00000000d6fce7e0, 0x00000000d6fce800, 0x00000000d96b0000)
 Metaspace       used 12401K, capacity 12672K, committed 12800K, reserved 1060864K
  class space    used 1395K, capacity 1508K, committed 1536K, reserved 1048576K
}
Event: 51.093 GC heap before
{Heap before GC invocations=3 (full 0):
 def new generation   total 19008K, used 17333K [0x00000000c2400000, 0x00000000c38a0000, 0x00000000d6d50000)
  eden space 16896K, 100% used [0x00000000c2400000, 0x00000000c3480000, 0x00000000c3480000)
  from space 2112K,  20% used [0x00000000c3690000, 0x00000000c36fd420, 0x00000000c38a0000)
  to   space 2112K,   0% used [0x00000000c3480000, 0x00000000c3480000, 0x00000000c3690000)
 tenured generation   total 42368K, used 2553K [0x00000000d6d50000, 0x00000000d96b0000, 0x0000000100000000)
   the space 42368K,   6% used [0x00000000d6d50000, 0x00000000d6fce7e0, 0x00000000d6fce800, 0x00000000d96b0000)
 Metaspace       used 12547K, capacity 12800K, committed 13056K, reserved 1060864K
  class space    used 1395K, capacity 1508K, committed 1536K, reserved 1048576K
Event: 51.112 GC heap after
Heap after GC invocations=4 (full 0):
 def new generation   total 19008K, used 315K [0x00000000c2400000, 0x00000000c38a0000, 0x00000000d6d50000)
  eden space 16896K,   0% used [0x00000000c2400000, 0x00000000c2400000, 0x00000000c3480000)
  from space 2112K,  14% used [0x00000000c3480000, 0x00000000c34cefe8, 0x00000000c3690000)
  to   space 2112K,   0% used [0x00000000c3690000, 0x00000000c3690000, 0x00000000c38a0000)
 tenured generation   total 42368K, used 2553K [0x00000000d6d50000, 0x00000000d96b0000, 0x0000000100000000)
   the space 42368K,   6% used [0x00000000d6d50000, 0x00000000d6fce7e0, 0x00000000d6fce800, 0x00000000d96b0000)
 Metaspace       used 12547K, capacity 12800K, committed 13056K, reserved 1060864K
  class space    used 1395K, capacity 1508K, committed 1536K, reserved 1048576K
}
Event: 67.118 GC heap before
{Heap before GC invocations=4 (full 0):
 def new generation   total 19008K, used 17211K [0x00000000c2400000, 0x00000000c38a0000, 0x00000000d6d50000)
  eden space 16896K, 100% used [0x00000000c2400000, 0x00000000c3480000, 0x00000000c3480000)
  from space 2112K,  14% used [0x00000000c3480000, 0x00000000c34cefe8, 0x00000000c3690000)
  to   space 2112K,   0% used [0x00000000c3690000, 0x00000000c3690000, 0x00000000c38a0000)
 tenured generation   total 42368K, used 2553K [0x00000000d6d50000, 0x00000000d96b0000, 0x0000000100000000)
   the space 42368K,   6% used [0x00000000d6d50000, 0x00000000d6fce7e0, 0x00000000d6fce800, 0x00000000d96b0000)
 Metaspace       used 12592K, capacity 12864K, committed 13056K, reserved 1060864K
  class space    used 1395K, capacity 1508K, committed 1536K, reserved 1048576K
Event: 67.127 GC heap after
Heap after GC invocations=5 (full 0):
 def new generation   total 19008K, used 316K [0x00000000c2400000, 0x00000000c38a0000, 0x00000000d6d50000)
  eden space 16896K,   0% used [0x00000000c2400000, 0x00000000c2400000, 0x00000000c3480000)
  from space 2112K,  14% used [0x00000000c3690000, 0x00000000c36df198, 0x00000000c38a0000)
  to   space 2112K,   0% used [0x00000000c3480000, 0x00000000c3480000, 0x00000000c3690000)
 tenured generation   total 42368K, used 2553K [0x00000000d6d50000, 0x00000000d96b0000, 0x0000000100000000)
   the space 42368K,   6% used [0x00000000d6d50000, 0x00000000d6fce7e0, 0x00000000d6fce800, 0x00000000d96b0000)
 Metaspace       used 12592K, capacity 12864K, committed 13056K, reserved 1060864K
  class space    used 1395K, capacity 1508K, committed 1536K, reserved 1048576K
}
Event: 77.250 GC heap before
{Heap before GC invocations=5 (full 0):
 def new generation   total 19008K, used 17212K [0x00000000c2400000, 0x00000000c38a0000, 0x00000000d6d50000)
  eden space 16896K, 100% used [0x00000000c2400000, 0x00000000c3480000, 0x00000000c3480000)
  from space 2112K,  14% used [0x00000000c3690000, 0x00000000c36df198, 0x00000000c38a0000)
  to   space 2112K,   0% used [0x00000000c3480000, 0x00000000c3480000, 0x00000000c3690000)
 tenured generation   total 42368K, used 2553K [0x00000000d6d50000, 0x00000000d96b0000, 0x0000000100000000)
   the space 42368K,   6% used [0x00000000d6d50000, 0x00000000d6fce7e0, 0x00000000d6fce800, 0x00000000d96b0000)
 Metaspace       used 12622K, capacity 12864K, committed 13056K, reserved 1060864K
  class space    used 1395K, capacity 1508K, committed 1536K, reserved 1048576K
Event: 77.255 GC heap after
Heap after GC invocations=6 (full 0):
 def new generation   total 19008K, used 325K [0x00000000c2400000, 0x00000000c38a0000, 0x00000000d6d50000)
  eden space 16896K,   0% used [0x00000000c2400000, 0x00000000c2400000, 0x00000000c3480000)
  from space 2112K,  15% used [0x00000000c3480000, 0x00000000c34d15c8, 0x00000000c3690000)
  to   space 2112K,   0% used [0x00000000c3690000, 0x00000000c3690000, 0x00000000c38a0000)
 tenured generation   total 42368K, used 2553K [0x00000000d6d50000, 0x00000000d96b0000, 0x0000000100000000)
   the space 42368K,   6% used [0x00000000d6d50000, 0x00000000d6fce7e0, 0x00000000d6fce800, 0x00000000d96b0000)
 Metaspace       used 12622K, capacity 12864K, committed 13056K, reserved 1060864K
  class space    used 1395K, capacity 1508K, committed 1536K, reserved 1048576K
}

