# JRE version: OpenJDK Runtime Environment (8.0_91-b14) (build 1.8.0_91-8u91-b14-3ubuntu1~16.04.1-b14)
# Java VM: OpenJDK 64-Bit Server VM (25.91-b14 mixed mode linux-amd64 compressed oops)
Heap:
 def new generation   total 19008K, used 17804K [0x00000000c2400000, 0x00000000c38a0000, 0x00000000d6d50000)
  eden space 16896K,  98% used [0x00000000c2400000, 0x00000000c3440dc0, 0x00000000c3480000)
  from space 2112K,  54% used [0x00000000c3480000, 0x00000000c35a25a0, 0x00000000c3690000)
  to   space 2112K,   0% used [0x00000000c3690000, 0x00000000c3690000, 0x00000000c38a0000)
 tenured generation   total 42368K, used 2675K [0x00000000d6d50000, 0x00000000d96b0000, 0x0000000100000000)
   the space 42368K,   6% used [0x00000000d6d50000, 0x00000000d6fecc78, 0x00000000d6fece00, 0x00000000d96b0000)
 Metaspace       used 16717K, capacity 17000K, committed 17280K, reserved 1064960K
  class space    used 1960K, capacity 2069K, committed 2176K, reserved 1048576K
GC Heap History (4 events):
Event: 42.332 GC heap before
{Heap before GC invocations=0 (full 0):
 def new generation   total 19008K, used 16896K [0x00000000c2400000, 0x00000000c38a0000, 0x00000000d6d50000)
  eden space 16896K, 100% used [0x00000000c2400000, 0x00000000c3480000, 0x00000000c3480000)
  from space 2112K,   0% used [0x00000000c3480000, 0x00000000c3480000, 0x00000000c3690000)
  to   space 2112K,   0% used [0x00000000c3690000, 0x00000000c3690000, 0x00000000c38a0000)
 tenured generation   total 42368K, used 0K [0x00000000d6d50000, 0x00000000d96b0000, 0x0000000100000000)
   the space 42368K,   0% used [0x00000000d6d50000, 0x00000000d6d50000, 0x00000000d6d50200, 0x00000000d96b0000)
 Metaspace       used 14754K, capacity 14932K, committed 15232K, reserved 1062912K
  class space    used 1735K, capacity 1815K, committed 1920K, reserved 1048576K
Event: 42.339 GC heap after
Heap after GC invocations=1 (full 0):
 def new generation   total 19008K, used 2112K [0x00000000c2400000, 0x00000000c38a0000, 0x00000000d6d50000)
  eden space 16896K,   0% used [0x00000000c2400000, 0x00000000c2400000, 0x00000000c3480000)
  from space 2112K, 100% used [0x00000000c3690000, 0x00000000c38a0000, 0x00000000c38a0000)
  to   space 2112K,   0% used [0x00000000c3480000, 0x00000000c3480000, 0x00000000c3690000)
 tenured generation   total 42368K, used 590K [0x00000000d6d50000, 0x00000000d96b0000, 0x0000000100000000)
   the space 42368K,   1% used [0x00000000d6d50000, 0x00000000d6de3858, 0x00000000d6de3a00, 0x00000000d96b0000)
 Metaspace       used 14754K, capacity 14932K, committed 15232K, reserved 1062912K
  class space    used 1735K, capacity 1815K, committed 1920K, reserved 1048576K
}
Event: 45.412 GC heap before
{Heap before GC invocations=1 (full 0):
 def new generation   total 19008K, used 19008K [0x00000000c2400000, 0x00000000c38a0000, 0x00000000d6d50000)
  eden space 16896K, 100% used [0x00000000c2400000, 0x00000000c3480000, 0x00000000c3480000)
  from space 2112K, 100% used [0x00000000c3690000, 0x00000000c38a0000, 0x00000000c38a0000)
  to   space 2112K,   0% used [0x00000000c3480000, 0x00000000c3480000, 0x00000000c3690000)
 tenured generation   total 42368K, used 590K [0x00000000d6d50000, 0x00000000d96b0000, 0x0000000100000000)
   the space 42368K,   1% used [0x00000000d6d50000, 0x00000000d6de3858, 0x00000000d6de3a00, 0x00000000d96b0000)
 Metaspace       used 16547K, capacity 16808K, committed 17024K, reserved 1064960K
  class space    used 1956K, capacity 2069K, committed 2176K, reserved 1048576K
Event: 45.434 GC heap after
Heap after GC invocations=2 (full 0):
 def new generation   total 19008K, used 1161K [0x00000000c2400000, 0x00000000c38a0000, 0x00000000d6d50000)
  eden space 16896K,   0% used [0x00000000c2400000, 0x00000000c2400000, 0x00000000c3480000)
  from space 2112K,  54% used [0x00000000c3480000, 0x00000000c35a25a0, 0x00000000c3690000)
  to   space 2112K,   0% used [0x00000000c3690000, 0x00000000c3690000, 0x00000000c38a0000)
 tenured generation   total 42368K, used 2675K [0x00000000d6d50000, 0x00000000d96b0000, 0x0000000100000000)
   the space 42368K,   6% used [0x00000000d6d50000, 0x00000000d6fecc78, 0x00000000d6fece00, 0x00000000d96b0000)
 Metaspace       used 16547K, capacity 16808K, committed 17024K, reserved 1064960K
  class space    used 1956K, capacity 2069K, committed 2176K, reserved 1048576K
}

