# JRE version: OpenJDK Runtime Environment (8.0_91-b14) (build 1.8.0_91-8u91-b14-3ubuntu1~16.04.1-b14)
# Java VM: OpenJDK 64-Bit Server VM (25.91-b14 mixed mode linux-amd64 compressed oops)
Heap:
 def new generation   total 19008K, used 5019K [0x00000000c2400000, 0x00000000c38a0000, 0x00000000d6d50000)
  eden space 16896K,  23% used [0x00000000c2400000, 0x00000000c27d5b28, 0x00000000c3480000)
  from space 2112K,  51% used [0x00000000c3480000, 0x00000000c3591430, 0x00000000c3690000)
  to   space 2112K,   0% used [0x00000000c3690000, 0x00000000c3690000, 0x00000000c38a0000)
 tenured generation   total 42368K, used 3726K [0x00000000d6d50000, 0x00000000d96b0000, 0x0000000100000000)
   the space 42368K,   8% used [0x00000000d6d50000, 0x00000000d70f3870, 0x00000000d70f3a00, 0x00000000d96b0000)
 Metaspace       used 17392K, capacity 17672K, committed 17792K, reserved 1064960K
  class space    used 2044K, capacity 2149K, committed 2176K, reserved 1048576K
GC Heap History (10 events):
Event: 84.166 GC heap before
{Heap before GC invocations=11 (full 0):
 def new generation   total 19008K, used 17832K [0x00000000c2400000, 0x00000000c38a0000, 0x00000000d6d50000)
  eden space 16896K, 100% used [0x00000000c2400000, 0x00000000c3480000, 0x00000000c3480000)
  from space 2112K,  44% used [0x00000000c3690000, 0x00000000c377a260, 0x00000000c38a0000)
  to   space 2112K,   0% used [0x00000000c3480000, 0x00000000c3480000, 0x00000000c3690000)
 tenured generation   total 42368K, used 3654K [0x00000000d6d50000, 0x00000000d96b0000, 0x0000000100000000)
   the space 42368K,   8% used [0x00000000d6d50000, 0x00000000d70e1ad8, 0x00000000d70e1c00, 0x00000000d96b0000)
 Metaspace       used 17292K, capacity 17608K, committed 17792K, reserved 1064960K
  class space    used 2043K, capacity 2149K, committed 2176K, reserved 1048576K
Event: 84.345 GC heap after
Heap after GC invocations=12 (full 0):
 def new generation   total 19008K, used 954K [0x00000000c2400000, 0x00000000c38a0000, 0x00000000d6d50000)
  eden space 16896K,   0% used [0x00000000c2400000, 0x00000000c2400000, 0x00000000c3480000)
  from space 2112K,  45% used [0x00000000c3480000, 0x00000000c356e960, 0x00000000c3690000)
  to   space 2112K,   0% used [0x00000000c3690000, 0x00000000c3690000, 0x00000000c38a0000)
 tenured generation   total 42368K, used 3654K [0x00000000d6d50000, 0x00000000d96b0000, 0x0000000100000000)
   the space 42368K,   8% used [0x00000000d6d50000, 0x00000000d70e1ad8, 0x00000000d70e1c00, 0x00000000d96b0000)
 Metaspace       used 17292K, capacity 17608K, committed 17792K, reserved 1064960K
  class space    used 2043K, capacity 2149K, committed 2176K, reserved 1048576K
}
Event: 86.932 GC heap before
{Heap before GC invocations=12 (full 0):
 def new generation   total 19008K, used 17850K [0x00000000c2400000, 0x00000000c38a0000, 0x00000000d6d50000)
  eden space 16896K, 100% used [0x00000000c2400000, 0x00000000c3480000, 0x00000000c3480000)
  from space 2112K,  45% used [0x00000000c3480000, 0x00000000c356e960, 0x00000000c3690000)
  to   space 2112K,   0% used [0x00000000c3690000, 0x00000000c3690000, 0x00000000c38a0000)
 tenured generation   total 42368K, used 3654K [0x00000000d6d50000, 0x00000000d96b0000, 0x0000000100000000)
   the space 42368K,   8% used [0x00000000d6d50000, 0x00000000d70e1ad8, 0x00000000d70e1c00, 0x00000000d96b0000)
 Metaspace       used 17322K, capacity 17608K, committed 17792K, reserved 1064960K
  class space    used 2043K, capacity 2149K, committed 2176K, reserved 1048576K
Event: 87.194 GC heap after
Heap after GC invocations=13 (full 0):
 def new generation   total 19008K, used 1054K [0x00000000c2400000, 0x00000000c38a0000, 0x00000000d6d50000)
  eden space 16896K,   0% used [0x00000000c2400000, 0x00000000c2400000, 0x00000000c3480000)
  from space 2112K,  49% used [0x00000000c3690000, 0x00000000c3797ae8, 0x00000000c38a0000)
  to   space 2112K,   0% used [0x00000000c3480000, 0x00000000c3480000, 0x00000000c3690000)
 tenured generation   total 42368K, used 3654K [0x00000000d6d50000, 0x00000000d96b0000, 0x0000000100000000)
   the space 42368K,   8% used [0x00000000d6d50000, 0x00000000d70e1ad8, 0x00000000d70e1c00, 0x00000000d96b0000)
 Metaspace       used 17322K, capacity 17608K, committed 17792K, reserved 1064960K
  class space    used 2043K, capacity 2149K, committed 2176K, reserved 1048576K
}
Event: 90.132 GC heap before
{Heap before GC invocations=13 (full 0):
 def new generation   total 19008K, used 17950K [0x00000000c2400000, 0x00000000c38a0000, 0x00000000d6d50000)
  eden space 16896K, 100% used [0x00000000c2400000, 0x00000000c3480000, 0x00000000c3480000)
  from space 2112K,  49% used [0x00000000c3690000, 0x00000000c3797ae8, 0x00000000c38a0000)
  to   space 2112K,   0% used [0x00000000c3480000, 0x00000000c3480000, 0x00000000c3690000)
 tenured generation   total 42368K, used 3654K [0x00000000d6d50000, 0x00000000d96b0000, 0x0000000100000000)
   the space 42368K,   8% used [0x00000000d6d50000, 0x00000000d70e1ad8, 0x00000000d70e1c00, 0x00000000d96b0000)
 Metaspace       used 17354K, capacity 17672K, committed 17792K, reserved 1064960K
  class space    used 2043K, capacity 2149K, committed 2176K, reserved 1048576K
Event: 90.293 GC heap after
Heap after GC invocations=14 (full 0):
 def new generation   total 19008K, used 1091K [0x00000000c2400000, 0x00000000c38a0000, 0x00000000d6d50000)
  eden space 16896K,   0% used [0x00000000c2400000, 0x00000000c2400000, 0x00000000c3480000)
  from space 2112K,  51% used [0x00000000c3480000, 0x00000000c3590db8, 0x00000000c3690000)
  to   space 2112K,   0% used [0x00000000c3690000, 0x00000000c3690000, 0x00000000c38a0000)
 tenured generation   total 42368K, used 3654K [0x00000000d6d50000, 0x00000000d96b0000, 0x0000000100000000)
   the space 42368K,   8% used [0x00000000d6d50000, 0x00000000d70e1ad8, 0x00000000d70e1c00, 0x00000000d96b0000)
 Metaspace       used 17354K, capacity 17672K, committed 17792K, reserved 1064960K
  class space    used 2043K, capacity 2149K, committed 2176K, reserved 1048576K
}
Event: 92.776 GC heap before
{Heap before GC invocations=14 (full 0):
 def new generation   total 19008K, used 17987K [0x00000000c2400000, 0x00000000c38a0000, 0x00000000d6d50000)
  eden space 16896K, 100% used [0x00000000c2400000, 0x00000000c3480000, 0x00000000c3480000)
  from space 2112K,  51% used [0x00000000c3480000, 0x00000000c3590db8, 0x00000000c3690000)
  to   space 2112K,   0% used [0x00000000c3690000, 0x00000000c3690000, 0x00000000c38a0000)
 tenured generation   total 42368K, used 3654K [0x00000000d6d50000, 0x00000000d96b0000, 0x0000000100000000)
   the space 42368K,   8% used [0x00000000d6d50000, 0x00000000d70e1ad8, 0x00000000d70e1c00, 0x00000000d96b0000)
 Metaspace       used 17366K, capacity 17672K, committed 17792K, reserved 1064960K
  class space    used 2043K, capacity 2149K, committed 2176K, reserved 1048576K
Event: 92.787 GC heap after
Heap after GC invocations=15 (full 0):
 def new generation   total 19008K, used 1053K [0x00000000c2400000, 0x00000000c38a0000, 0x00000000d6d50000)
  eden space 16896K,   0% used [0x00000000c2400000, 0x00000000c2400000, 0x00000000c3480000)
  from space 2112K,  49% used [0x00000000c3690000, 0x00000000c3797738, 0x00000000c38a0000)
  to   space 2112K,   0% used [0x00000000c3480000, 0x00000000c3480000, 0x00000000c3690000)
 tenured generation   total 42368K, used 3726K [0x00000000d6d50000, 0x00000000d96b0000, 0x0000000100000000)
   the space 42368K,   8% used [0x00000000d6d50000, 0x00000000d70f3870, 0x00000000d70f3a00, 0x00000000d96b0000)
 Metaspace       used 17366K, capacity 17672K, committed 17792K, reserved 1064960K
  class space    used 2043K, capacity 2149K, committed 2176K, reserved 1048576K
}
Event: 95.880 GC heap before
{Heap before GC invocations=15 (full 0):
 def new generation   total 19008K, used 17949K [0x00000000c2400000, 0x00000000c38a0000, 0x00000000d6d50000)
  eden space 16896K, 100% used [0x00000000c2400000, 0x00000000c3480000, 0x00000000c3480000)
  from space 2112K,  49% used [0x00000000c3690000, 0x00000000c3797738, 0x00000000c38a0000)
  to   space 2112K,   0% used [0x00000000c3480000, 0x00000000c3480000, 0x00000000c3690000)
 tenured generation   total 42368K, used 3726K [0x00000000d6d50000, 0x00000000d96b0000, 0x0000000100000000)
   the space 42368K,   8% used [0x00000000d6d50000, 0x00000000d70f3870, 0x00000000d70f3a00, 0x00000000d96b0000)
 Metaspace       used 17382K, capacity 17672K, committed 17792K, reserved 1064960K
  class space    used 2043K, capacity 2149K, committed 2176K, reserved 1048576K
Event: 96.013 GC heap after
Heap after GC invocations=16 (full 0):
 def new generation   total 19008K, used 1093K [0x00000000c2400000, 0x00000000c38a0000, 0x00000000d6d50000)
  eden space 16896K,   0% used [0x00000000c2400000, 0x00000000c2400000, 0x00000000c3480000)
  from space 2112K,  51% used [0x00000000c3480000, 0x00000000c3591430, 0x00000000c3690000)
  to   space 2112K,   0% used [0x00000000c3690000, 0x00000000c3690000, 0x00000000c38a0000)
 tenured generation   total 42368K, used 3726K [0x00000000d6d50000, 0x00000000d96b0000, 0x0000000100000000)
   the space 42368K,   8% used [0x00000000d6d50000, 0x00000000d70f3870, 0x00000000d70f3a00, 0x00000000d96b0000)
 Metaspace       used 17382K, capacity 17672K, committed 17792K, reserved 1064960K
  class space    used 2043K, capacity 2149K, committed 2176K, reserved 1048576K
}

