# JRE version: OpenJDK Runtime Environment (8.0_91-b14) (build 1.8.0_91-8u91-b14-3ubuntu1~16.04.1-b14)
# Java VM: OpenJDK 64-Bit Server VM (25.91-b14 mixed mode linux-amd64 compressed oops)
Heap:
 def new generation   total 19008K, used 10701K [0x00000000c2400000, 0x00000000c38a0000, 0x00000000d6d50000)
  eden space 16896K,  55% used [0x00000000c2400000, 0x00000000c2d3b110, 0x00000000c3480000)
  from space 2112K,  59% used [0x00000000c3480000, 0x00000000c35b86c8, 0x00000000c3690000)
  to   space 2112K,   0% used [0x00000000c3690000, 0x00000000c3690000, 0x00000000c38a0000)
 tenured generation   total 42368K, used 2248K [0x00000000d6d50000, 0x00000000d96b0000, 0x0000000100000000)
   the space 42368K,   5% used [0x00000000d6d50000, 0x00000000d6f823e0, 0x00000000d6f82400, 0x00000000d96b0000)
 Metaspace       used 16698K, capacity 17006K, committed 17280K, reserved 1064960K
  class space    used 1957K, capacity 2070K, committed 2176K, reserved 1048576K
GC Heap History (4 events):
Event: 7.847 GC heap before
{Heap before GC invocations=0 (full 0):
 def new generation   total 19008K, used 16896K [0x00000000c2400000, 0x00000000c38a0000, 0x00000000d6d50000)
  eden space 16896K, 100% used [0x00000000c2400000, 0x00000000c3480000, 0x00000000c3480000)
  from space 2112K,   0% used [0x00000000c3480000, 0x00000000c3480000, 0x00000000c3690000)
  to   space 2112K,   0% used [0x00000000c3690000, 0x00000000c3690000, 0x00000000c38a0000)
 tenured generation   total 42368K, used 0K [0x00000000d6d50000, 0x00000000d96b0000, 0x0000000100000000)
   the space 42368K,   0% used [0x00000000d6d50000, 0x00000000d6d50000, 0x00000000d6d50200, 0x00000000d96b0000)
 Metaspace       used 12954K, capacity 13146K, committed 13440K, reserved 1060864K
  class space    used 1550K, capacity 1610K, committed 1664K, reserved 1048576K
Event: 7.860 GC heap after
Heap after GC invocations=1 (full 0):
 def new generation   total 19008K, used 2111K [0x00000000c2400000, 0x00000000c38a0000, 0x00000000d6d50000)
  eden space 16896K,   0% used [0x00000000c2400000, 0x00000000c2400000, 0x00000000c3480000)
  from space 2112K,  99% used [0x00000000c3690000, 0x00000000c389fff8, 0x00000000c38a0000)
  to   space 2112K,   0% used [0x00000000c3480000, 0x00000000c3480000, 0x00000000c3690000)
 tenured generation   total 42368K, used 295K [0x00000000d6d50000, 0x00000000d96b0000, 0x0000000100000000)
   the space 42368K,   0% used [0x00000000d6d50000, 0x00000000d6d99c38, 0x00000000d6d99e00, 0x00000000d96b0000)
 Metaspace       used 12954K, capacity 13146K, committed 13440K, reserved 1060864K
  class space    used 1550K, capacity 1610K, committed 1664K, reserved 1048576K
}
Event: 60.657 GC heap before
{Heap before GC invocations=1 (full 0):
 def new generation   total 19008K, used 19007K [0x00000000c2400000, 0x00000000c38a0000, 0x00000000d6d50000)
  eden space 16896K, 100% used [0x00000000c2400000, 0x00000000c3480000, 0x00000000c3480000)
  from space 2112K,  99% used [0x00000000c3690000, 0x00000000c389fff8, 0x00000000c38a0000)
  to   space 2112K,   0% used [0x00000000c3480000, 0x00000000c3480000, 0x00000000c3690000)
 tenured generation   total 42368K, used 295K [0x00000000d6d50000, 0x00000000d96b0000, 0x0000000100000000)
   the space 42368K,   0% used [0x00000000d6d50000, 0x00000000d6d99c38, 0x00000000d6d99e00, 0x00000000d96b0000)
 Metaspace       used 16035K, capacity 16180K, committed 16512K, reserved 1064960K
  class space    used 1859K, capacity 1911K, committed 1920K, reserved 1048576K
Event: 60.664 GC heap after
Heap after GC invocations=2 (full 0):
 def new generation   total 19008K, used 1249K [0x00000000c2400000, 0x00000000c38a0000, 0x00000000d6d50000)
  eden space 16896K,   0% used [0x00000000c2400000, 0x00000000c2400000, 0x00000000c3480000)
  from space 2112K,  59% used [0x00000000c3480000, 0x00000000c35b86c8, 0x00000000c3690000)
  to   space 2112K,   0% used [0x00000000c3690000, 0x00000000c3690000, 0x00000000c38a0000)
 tenured generation   total 42368K, used 2248K [0x00000000d6d50000, 0x00000000d96b0000, 0x0000000100000000)
   the space 42368K,   5% used [0x00000000d6d50000, 0x00000000d6f823e0, 0x00000000d6f82400, 0x00000000d96b0000)
 Metaspace       used 16035K, capacity 16180K, committed 16512K, reserved 1064960K
  class space    used 1859K, capacity 1911K, committed 1920K, reserved 1048576K
}

