# JRE version: OpenJDK Runtime Environment (8.0_91-b14) (build 1.8.0_91-8u91-b14-3ubuntu1~16.04.1-b14)
# Java VM: OpenJDK 64-Bit Server VM (25.91-b14 mixed mode linux-amd64 compressed oops)
Heap:
 def new generation   total 19008K, used 2860K [0x00000000c2400000, 0x00000000c38a0000, 0x00000000d6d50000)
  eden space 16896K,  15% used [0x00000000c2400000, 0x00000000c2686ae8, 0x00000000c3480000)
  from space 2112K,  12% used [0x00000000c3690000, 0x00000000c36d47e0, 0x00000000c38a0000)
  to   space 2112K,   0% used [0x00000000c3480000, 0x00000000c3480000, 0x00000000c3690000)
 tenured generation   total 42368K, used 3116K [0x00000000d6d50000, 0x00000000d96b0000, 0x0000000100000000)
   the space 42368K,   7% used [0x00000000d6d50000, 0x00000000d705b258, 0x00000000d705b400, 0x00000000d96b0000)
 Metaspace       used 16610K, capacity 16936K, committed 17280K, reserved 1064960K
  class space    used 1957K, capacity 2069K, committed 2176K, reserved 1048576K
GC Heap History (6 events):
Event: 40.214 GC heap before
{Heap before GC invocations=0 (full 0):
 def new generation   total 19008K, used 16896K [0x00000000c2400000, 0x00000000c38a0000, 0x00000000d6d50000)
  eden space 16896K, 100% used [0x00000000c2400000, 0x00000000c3480000, 0x00000000c3480000)
  from space 2112K,   0% used [0x00000000c3480000, 0x00000000c3480000, 0x00000000c3690000)
  to   space 2112K,   0% used [0x00000000c3690000, 0x00000000c3690000, 0x00000000c38a0000)
 tenured generation   total 42368K, used 0K [0x00000000d6d50000, 0x00000000d96b0000, 0x0000000100000000)
   the space 42368K,   0% used [0x00000000d6d50000, 0x00000000d6d50000, 0x00000000d6d50200, 0x00000000d96b0000)
 Metaspace       used 14633K, capacity 14868K, committed 15232K, reserved 1062912K
  class space    used 1722K, capacity 1815K, committed 1920K, reserved 1048576K
Event: 40.220 GC heap after
Heap after GC invocations=1 (full 0):
 def new generation   total 19008K, used 2112K [0x00000000c2400000, 0x00000000c38a0000, 0x00000000d6d50000)
  eden space 16896K,   0% used [0x00000000c2400000, 0x00000000c2400000, 0x00000000c3480000)
  from space 2112K, 100% used [0x00000000c3690000, 0x00000000c38a0000, 0x00000000c38a0000)
  to   space 2112K,   0% used [0x00000000c3480000, 0x00000000c3480000, 0x00000000c3690000)
 tenured generation   total 42368K, used 478K [0x00000000d6d50000, 0x00000000d96b0000, 0x0000000100000000)
   the space 42368K,   1% used [0x00000000d6d50000, 0x00000000d6dc79d0, 0x00000000d6dc7a00, 0x00000000d96b0000)
 Metaspace       used 14633K, capacity 14868K, committed 15232K, reserved 1062912K
  class space    used 1722K, capacity 1815K, committed 1920K, reserved 1048576K
}
Event: 43.200 GC heap before
{Heap before GC invocations=1 (full 0):
 def new generation   total 19008K, used 19008K [0x00000000c2400000, 0x00000000c38a0000, 0x00000000d6d50000)
  eden space 16896K, 100% used [0x00000000c2400000, 0x00000000c3480000, 0x00000000c3480000)
  from space 2112K, 100% used [0x00000000c3690000, 0x00000000c38a0000, 0x00000000c38a0000)
  to   space 2112K,   0% used [0x00000000c3480000, 0x00000000c3480000, 0x00000000c3690000)
 tenured generation   total 42368K, used 478K [0x00000000d6d50000, 0x00000000d96b0000, 0x0000000100000000)
   the space 42368K,   1% used [0x00000000d6d50000, 0x00000000d6dc79d0, 0x00000000d6dc7a00, 0x00000000d96b0000)
 Metaspace       used 16531K, capacity 16808K, committed 17024K, reserved 1064960K
  class space    used 1957K, capacity 2069K, committed 2176K, reserved 1048576K
Event: 43.224 GC heap after
Heap after GC invocations=2 (full 0):
 def new generation   total 19008K, used 1274K [0x00000000c2400000, 0x00000000c38a0000, 0x00000000d6d50000)
  eden space 16896K,   0% used [0x00000000c2400000, 0x00000000c2400000, 0x00000000c3480000)
  from space 2112K,  60% used [0x00000000c3480000, 0x00000000c35bebd0, 0x00000000c3690000)
  to   space 2112K,   0% used [0x00000000c3690000, 0x00000000c3690000, 0x00000000c38a0000)
 tenured generation   total 42368K, used 2562K [0x00000000d6d50000, 0x00000000d96b0000, 0x0000000100000000)
   the space 42368K,   6% used [0x00000000d6d50000, 0x00000000d6fd0988, 0x00000000d6fd0a00, 0x00000000d96b0000)
 Metaspace       used 16531K, capacity 16808K, committed 17024K, reserved 1064960K
  class space    used 1957K, capacity 2069K, committed 2176K, reserved 1048576K
}
Event: 64.197 GC heap before
{Heap before GC invocations=2 (full 0):
 def new generation   total 19008K, used 18170K [0x00000000c2400000, 0x00000000c38a0000, 0x00000000d6d50000)
  eden space 16896K, 100% used [0x00000000c2400000, 0x00000000c3480000, 0x00000000c3480000)
  from space 2112K,  60% used [0x00000000c3480000, 0x00000000c35bebd0, 0x00000000c3690000)
  to   space 2112K,   0% used [0x00000000c3690000, 0x00000000c3690000, 0x00000000c38a0000)
 tenured generation   total 42368K, used 2562K [0x00000000d6d50000, 0x00000000d96b0000, 0x0000000100000000)
   the space 42368K,   6% used [0x00000000d6d50000, 0x00000000d6fd0988, 0x00000000d6fd0a00, 0x00000000d96b0000)
 Metaspace       used 16610K, capacity 16936K, committed 17280K, reserved 1064960K
  class space    used 1957K, capacity 2069K, committed 2176K, reserved 1048576K
Event: 64.206 GC heap after
Heap after GC invocations=3 (full 0):
 def new generation   total 19008K, used 273K [0x00000000c2400000, 0x00000000c38a0000, 0x00000000d6d50000)
  eden space 16896K,   0% used [0x00000000c2400000, 0x00000000c2400000, 0x00000000c3480000)
  from space 2112K,  12% used [0x00000000c3690000, 0x00000000c36d47e0, 0x00000000c38a0000)
  to   space 2112K,   0% used [0x00000000c3480000, 0x00000000c3480000, 0x00000000c3690000)
 tenured generation   total 42368K, used 3116K [0x00000000d6d50000, 0x00000000d96b0000, 0x0000000100000000)
   the space 42368K,   7% used [0x00000000d6d50000, 0x00000000d705b258, 0x00000000d705b400, 0x00000000d96b0000)
 Metaspace       used 16610K, capacity 16936K, committed 17280K, reserved 1064960K
  class space    used 1957K, capacity 2069K, committed 2176K, reserved 1048576K
}

